<?xml version="1.0" encoding="UTF-8"?>
<!-- Generated by org.testng.reporters.JUnitReportReporter -->
<testsuite hostname="DESKTOP-H425LRN" failures="0" tests="2" name="com.ecommerce.Testcases.HomePageTest" time="109.731" errors="0" timestamp="2022-05-23T08:49:57 EDT" skipped="0">
  <testcase classname="com.ecommerce.Testcases.HomePageTest" name="wishListTest" time="41.455"/>
  <system-out/>
  <testcase classname="com.ecommerce.Testcases.HomePageTest" name="orderHistoryandDetailsTest" time="68.276"/>
  <system-out/>
</testsuite> <!-- com.ecommerce.Testcases.HomePageTest -->
