<?xml version="1.0" encoding="UTF-8"?>
<!-- Generated by org.testng.reporters.JUnitReportReporter -->
<testsuite hostname="DESKTOP-H425LRN" failures="0" tests="2" name="com.ecommerce.Testcases.HomePageTest" time="35.278" errors="0" timestamp="2022-05-21T19:12:56 EDT" skipped="0">
  <testcase classname="com.ecommerce.Testcases.HomePageTest" name="wishListTest" time="14.121"/>
  <system-out/>
  <testcase classname="com.ecommerce.Testcases.HomePageTest" name="orderHistoryandDetailsTest" time="21.157"/>
  <system-out/>
</testsuite> <!-- com.ecommerce.Testcases.HomePageTest -->
