<?xml version="1.0" encoding="UTF-8"?>
<!-- Generated by org.testng.reporters.JUnitReportReporter -->
<testsuite hostname="DESKTOP-H425LRN" failures="0" tests="1" name="com.ecommerce.Testcases.OrderPageTest" time="18.940" errors="0" timestamp="2022-05-21T19:12:56 EDT" skipped="0">
  <testcase classname="com.ecommerce.Testcases.OrderPageTest" name="verifyTotalPrice" time="18.940"/>
  <system-out/>
</testsuite> <!-- com.ecommerce.Testcases.OrderPageTest -->
